Removed Pin From Net: NetName=SWDCLK Pin=J2-1
Removed Pin From Net: NetName=SWDIO Pin=J2-2
Removed Member From Class: ClassName=PestAlert Member=J2
Added Component: Designator=P?(HDR2X5_SMT)
Add component (AddParameter): Name = "Brand"; Value = "FCI"; VariantName = "[No Variations]"
Add component (AddParameter): Name = "Contact Material"; Value = "CopperAlloy"; VariantName = "[No Variations]"
Add component (AddParameter): Name = "Contact Plating"; Value = "Gold"; VariantName = "[No Variations]"
Add component (AddParameter): Name = "Contact resistance Max"; Value = "30MOhm"; VariantName = "[No Variations]"
Add component (AddParameter): Name = "Current Rating"; Value = "1A"; VariantName = "[No Variations]"
Add component (AddParameter): Name = "Datasheet URL"; Value = "https://datasheet.ciiva.com/11749/0900766b8118d62a-11749057.pdf"; VariantName = "[No Variations]"
Add component (AddParameter): Name = "Datasheet Version"; Value = "06/2011"; VariantName = "[No Variations]"
Add component (AddParameter): Name = "Factory Pack Quantity"; Value = "600"; VariantName = "[No Variations]"
Add component (AddParameter): Name = "Gender"; Value = "Male"; VariantName = "[No Variations]"
Add component (AddParameter): Name = "Manufacturer"; Value = "FCI"; VariantName = "[No Variations]"
Add component (AddParameter): Name = "Manufacturer URL"; Value = "http://portal.fciconnect.com/"; VariantName = "[No Variations]"
Add component (AddParameter): Name = "Mating Post Length"; Value = "3.05mm"; VariantName = "[No Variations]"
Add component (AddParameter): Name = "Mounting Angle"; Value = "Vertical"; VariantName = "[No Variations]"
Add component (AddParameter): Name = "Mounting Style"; Value = "SMD/SMT"; VariantName = "[No Variations]"
Add component (AddParameter): Name = "Mounting Technology"; Value = "SurfaceMount"; VariantName = "[No Variations]"
Add component (AddParameter): Name = "Number of Positions"; Value = "10"; VariantName = "[No Variations]"
Add component (AddParameter): Name = "Number of Positions / Contacts"; Value = "10"; VariantName = "[No Variations]"
Add component (AddParameter): Name = "Number of Rows"; Value = "2"; VariantName = "[No Variations]"
Add component (AddParameter): Name = "Package Description"; Value = "10-Leads Header, Body 3.43 x 6.35, Pitch 1.27 mm"; VariantName = "[No Variations]"
Add component (AddParameter): Name = "Package Reference"; Value = "20021121"; VariantName = "[No Variations]"
Add component (AddParameter): Name = "Package URL"; Value = "https://datasheet.ciiva.com/26853/getdatasheetpartid-177140-26853984.pdf"; VariantName = "[No Variations]"
Add component (AddParameter): Name = "Package Version"; Value = "Rev. J, 03/2013"; VariantName = "[No Variations]"
Add component (AddParameter): Name = "Packaging"; Value = "Reel"; VariantName = "[No Variations]"
Add component (AddParameter): Name = "Pitch"; Value = "1.27mm"; VariantName = "[No Variations]"
Add component (AddParameter): Name = "Product Category"; Value = "Headers&WireHousings"; VariantName = "[No Variations]"
Add component (AddParameter): Name = "Product Type"; Value = "Headers"; VariantName = "[No Variations]"
Add component (AddParameter): Name = "RoHS"; Value = "Details"; VariantName = "[No Variations]"
Add component (AddParameter): Name = "Series"; Value = "Minitek"; VariantName = "[No Variations]"
Add component (AddParameter): Name = "Stack Height"; Value = "3mm"; VariantName = "[No Variations]"
Add component (AddParameter): Name = "Termination Style"; Value = "SMD"; VariantName = "[No Variations]"
Add component (AddParameter): Name = "Type"; Value = "Unshrouded"; VariantName = "[No Variations]"
Add component (AddParameter): Name = "Voltage Rating"; Value = "125V"; VariantName = "[No Variations]"
Added Pin To Net: NetName=3.3V Pin=P?-1
Added Pin To Net: NetName=SWDIO Pin=P?-2
Added Pin To Net: NetName=GND Pin=P?-3
Added Pin To Net: NetName=SWDCLK Pin=P?-4
Added Pin To Net: NetName=GND Pin=P?-5
Added Member To Class: ClassName=PestAlert Member=Component P? 20021121-00010C4LF
Added Room: Name=PestAlert
