Removed Pin From Net: NetName=3.3V Pin=C9-1
Removed Pin From Net: NetName=GND Pin=C9-2
Removed Pin From Net: NetName=SDA Pin=U4-1
Removed Pin From Net: NetName=GND Pin=U4-2
Removed Pin From Net: NetName=3.3V Pin=U4-5
Removed Pin From Net: NetName=SCL Pin=U4-6
Removed Pin From Net: NetName=GND Pin=U4-7
Removed Member From Class: ClassName=PestAlert Member=U4
Added Component: Designator=C?(C1206)
Add component (AddParameter): Name = "LatestRevisionDate"; Value = "29-May-2009"; VariantName = "[No Variations]"
Add component (AddParameter): Name = "LatestRevisionNote"; Value = "IPC-7351 Footprint Added."; VariantName = "[No Variations]"
Add component (AddParameter): Name = "PackageDescription"; Value = "Chip Capacitor"; VariantName = "[No Variations]"
Add component (AddParameter): Name = "PackageReference"; Value = "C1206"; VariantName = "[No Variations]"
Add component (AddParameter): Name = "Published"; Value = "8-Jun-2000"; VariantName = "[No Variations]"
Add component (AddParameter): Name = "Publisher"; Value = "Altium Limited"; VariantName = "[No Variations]"
Add component (AddParameter): Name = "Value"; Value = "220nF"; VariantName = "[No Variations]"
Added Pin To Net: NetName=GND Pin=C9-1
Added Pin To Net: NetName=GND Pin=C?-1
Added Pin To Net: NetName=NetC9_2 Pin=C9-2
Added Net: Name=NetC9_2
Added Pin To Net: NetName=NetC?_2 Pin=C?-2
Added Net: Name=NetC?_2
Added Member To Class: ClassName=PestAlert Member=Component C? Cap Semi
Added Room: Name=PestAlert
